{
    "Imports": {
        "KERNEL32.dll": [
            "IsProcessorFeaturePresent",
            "UnhandledExceptionFilter",
            "SetUnhandledExceptionFilter",
            "GetCurrentProcess",
            "TerminateProcess",
            "QueryPerformanceCounter",
            "GetCurrentProcessId",
            "GetCurrentThreadId",
            "GetSystemTimeAsFileTime",
            "InitializeSListHead",
            "IsDebuggerPresent",
            "GetStartupInfoW",
            "GetModuleHandleW",
            "RtlUnwind",
            "RaiseException",
            "InterlockedPushEntrySList",
            "InterlockedFlushSList",
            "GetLastError",
            "SetLastError",
            "EncodePointer",
            "EnterCriticalSection",
            "LeaveCriticalSection",
            "DeleteCriticalSection",
            "InitializeCriticalSectionAndSpinCount",
            "TlsAlloc",
            "TlsGetValue",
            "TlsSetValue",
            "TlsFree",
            "FreeLibrary",
            "GetProcAddress",
            "LoadLibraryExW",
            "ExitProcess",
            "GetModuleHandleExW",
            "GetModuleFileNameA",
            "GetModuleFileNameW",
            "MultiByteToWideChar",
            "WideCharToMultiByte",
            "HeapFree",
            "HeapAlloc",
            "DecodePointer",
            "CloseHandle",
            "FlushFileBuffers",
            "WriteFile",
            "GetConsoleCP",
            "GetConsoleMode",
            "GetStdHandle",
            "GetFileType",
            "GetDateFormatW",
            "GetTimeFormatW",
            "CompareStringW",
            "LCMapStringW",
            "GetLocaleInfoW",
            "IsValidLocale",
            "GetUserDefaultLCID",
            "EnumSystemLocalesW",
            "GetCurrentThread",
            "GetACP",
            "FindClose",
            "FindFirstFileExA",
            "FindFirstFileExW",
            "FindNextFileA",
            "FindNextFileW",
            "IsValidCodePage",
            "GetOEMCP",
            "GetCPInfo",
            "GetCommandLineA",
            "GetCommandLineW",
            "GetEnvironmentStringsW",
            "FreeEnvironmentStringsW",
            "SetEnvironmentVariableA",
            "SetEnvironmentVariableW",
            "GetProcessHeap",
            "SetConsoleCtrlHandler",
            "GetStringTypeW",
            "SetStdHandle",
            "SetFilePointerEx",
            "WriteConsoleW",
            "CreateFileW",
            "HeapSize",
            "HeapReAlloc",
            "SetEndOfFile",
            "ReadFile",
            "ReadConsoleW",
            "OutputDebugStringA",
            "OutputDebugStringW",
            "WaitForSingleObjectEx",
            "CreateThread"
        ]
    },
    "Exports": [
        "??0JP2KCodeStm@@QAE@XZ",
        "??1JP2KCodeStm@@QAE@XZ",
        "??4IJP2KException@@QAEAAV0@$$QAV0@@Z",
        "??4IJP2KException@@QAEAAV0@ABV0@@Z",
        "??4JP2KBufID_I@@QAEAAU0@$$QAU0@@Z",
        "??4JP2KBufID_I@@QAEAAU0@ABU0@@Z",
        "??4JP2KClientData@@QAEAAU0@$$QAU0@@Z",
        "??4JP2KClientData@@QAEAAU0@ABU0@@Z",
        "??4JP2KClientProcs@@QAEAAU0@$$QAU0@@Z",
        "??4JP2KClientProcs@@QAEAAU0@ABU0@@Z",
        "??4JP2KCodeStm@@QAEAAV0@ABV0@@Z",
        "??4JP2KDecOpt@@QAEAAU0@$$QAU0@@Z",
        "??4JP2KDecOpt@@QAEAAU0@ABU0@@Z",
        "??4JP2KEncOpt@@QAEAAU0@$$QAU0@@Z",
        "??4JP2KEncOpt@@QAEAAU0@ABU0@@Z",
        "??4JP2KException@@QAEAAU0@$$QAU0@@Z",
        "??4JP2KException@@QAEAAU0@ABU0@@Z",
        "??4JP2KImageDataParms@@QAEAAU0@$$QAU0@@Z",
        "??4JP2KImageDataParms@@QAEAAU0@ABU0@@Z",
        "??4JP2KImageDataProcs@@QAEAAU0@$$QAU0@@Z",
        "??4JP2KImageDataProcs@@QAEAAU0@ABU0@@Z",
        "??4JP2KMemFuncs@@QAEAAU0@$$QAU0@@Z",
        "??4JP2KMemFuncs@@QAEAAU0@ABU0@@Z",
        "??4JP2KMemFuncsEx@@QAEAAU0@$$QAU0@@Z",
        "??4JP2KMemFuncsEx@@QAEAAU0@ABU0@@Z",
        "??4JP2KStreamProcs@@QAEAAU0@$$QAU0@@Z",
        "??4JP2KStreamProcs@@QAEAAU0@ABU0@@Z",
        "??4JP2KStreamProcsEx@@QAEAAU0@$$QAU0@@Z",
        "??4JP2KStreamProcsEx@@QAEAAU0@ABU0@@Z",
        "??4JP2KUserActions@@QAEAAU0@$$QAU0@@Z",
        "??4JP2KUserActions@@QAEAAU0@ABU0@@Z",
        "?ClearErrState@IJP2KException@@QAEXXZ",
        "?Clone@IJP2KException@@QAEXPAV1@@Z",
        "?Die@JP2KCodeStm@@QAEXXZ",
        "?GetCurPos@JP2KCodeStm@@QAE_JXZ",
        "?GetErrString@IJP2KException@@QAEPADXZ",
        "?GetOpenMode@JP2KCodeStm@@QAE?AW4JP2KStmOpenMode@@XZ",
        "?GetStmBase@JP2KCodeStm@@QAEPAXXZ",
        "?GetStmProcs@JP2KCodeStm@@QAEPAUJP2KStreamProcsEx@@XZ",
        "?GetTotalLength@JP2KCodeStm@@QAE_KXZ",
        "?InitJP2KCodeStm@JP2KCodeStm@@QAEH_KHPAXPAUJP2KStreamProcsEx@@W4JP2KStmOpenMode@@H@Z",
        "?IsReadable@JP2KCodeStm@@QAE_NXZ",
        "?IsSeekable@JP2KCodeStm@@QAE_NXZ",
        "?IsWritable@JP2KCodeStm@@QAE_NXZ",
        "?ReadOnly@JP2KCodeStm@@QAE_NXZ",
        "?StmLengthUnknown@JP2KCodeStm@@QAE_NXZ",
        "?TellPos@JP2KCodeStm@@QAE_JXZ",
        "?WriteOnly@JP2KCodeStm@@QAE_NXZ",
        "?flushWriteBuffer@JP2KCodeStm@@QAEHXZ",
        "?read@JP2KCodeStm@@QAEHPAEH@Z",
        "?seek@JP2KCodeStm@@QAE_JH_J@Z",
        "?write@JP2KCodeStm@@QAEHPAEH@Z",
        "CIEParamsAreDefaults",
        "ColorSpecIsJP2Compatibile",
        "InitDefaultCIEParams",
        "JP2KCopyRect",
        "JP2KDecOptCreate",
        "JP2KDecOptDestroy",
        "JP2KDecOptInitToDefaults",
        "JP2KEncOptClone",
        "JP2KEncOptCreate",
        "JP2KEncOptDestroy",
        "JP2KEncOptGetGeomParams",
        "JP2KEncOptInitToDefaults",
        "JP2KEncOptInitToDefaultsUsingImageGeometry",
        "JP2KGetMemObj",
        "JP2KGetMemObjEx",
        "JP2KImageCompletedDecoding",
        "JP2KImageCompressAndWriteTile",
        "JP2KImageCompressImage",
        "JP2KImageCompressTile",
        "JP2KImageCreate",
        "JP2KImageDataCreate",
        "JP2KImageDataDestroy",
        "JP2KImageDataFreeImageBuffer",
        "JP2KImageDataGetHeight",
        "JP2KImageDataGetImageBuffer",
        "JP2KImageDataGetSizeofImageDataType",
        "JP2KImageDataGetWidth",
        "JP2KImageDataInit",
        "JP2KImageDataSetHeight",
        "JP2KImageDataSetImageBuffer",
        "JP2KImageDataSetImageBufferType",
        "JP2KImageDataSetSizeOfImageDataType",
        "JP2KImageDataSetWidth",
        "JP2KImageDecodeImageRegion",
        "JP2KImageDecodeImageWithoutSeeking",
        "JP2KImageDecodeTileInterleaved",
        "JP2KImageDecodeTileInterleavedIncremental",
        "JP2KImageDecodeTilePlanar",
        "JP2KImageDestroy",
        "JP2KImageEncodeImage",
        "JP2KImageEstimatePeakDecodeMemoryRequirement",
        "JP2KImageEstimateSizeofRegionToDecode",
        "JP2KImageFileIsJP2K",
        "JP2KImageFileIsJP2KEx",
        "JP2KImageFindQualityNumbersEmbedded",
        "JP2KImageGeometryComputeTransformedPoint",
        "JP2KImageGeometryComputeTransformedPointUsingOrientations",
        "JP2KImageGeometryComputeTransformedRect",
        "JP2KImageGeometryComputeTransformedRectUsingOrientations",
        "JP2KImageGeometryCopyInit",
        "JP2KImageGeometryCreate",
        "JP2KImageGeometryDestroy",
        "JP2KImageGeometryGetImageResolutionBoundingBox",
        "JP2KImageGeometryGetNumXTiles",
        "JP2KImageGeometryGetNumYTiles",
        "JP2KImageGeometryGetParams",
        "JP2KImageGeometryGetTileBoundingBox",
        "JP2KImageGeometryGetTileCompBoundingBox",
        "JP2KImageGeometryGetTileCompResolutionBoundingBox",
        "JP2KImageGeometryGetTileNum",
        "JP2KImageGeometryGetTileResolutionBoundingBox",
        "JP2KImageGeometryGetTileResolutionBoundingBoxOfRegion",
        "JP2KImageGeometryGetXIndex",
        "JP2KImageGeometryGetYIndex",
        "JP2KImageGeometryInit",
        "JP2KImageGeometryMapCanvasCoordRectToComponentRect",
        "JP2KImageGeometryMapCanvasCoordRectToLowerResComponentRect",
        "JP2KImageGeometryMapRectToLowerRes",
        "JP2KImageGeometryParamsAreInConsistent",
        "JP2KImageGeometryTransformRect",
        "JP2KImageGeometryTransformRectUsingOrientations",
        "JP2KImageGetAlphaChannelCodeStreamSize",
        "JP2KImageGetBitDepths",
        "JP2KImageGetChannelIndex",
        "JP2KImageGetChromaKey",
        "JP2KImageGetClientData",
        "JP2KImageGetCodeStream",
        "JP2KImageGetColorSpecList",
        "JP2KImageGetComponentType",
        "JP2KImageGetDecodeOptions",
        "JP2KImageGetDecodedImage",
        "JP2KImageGetEncodeOptions",
        "JP2KImageGetErrorDetails",
        "JP2KImageGetGMLData",
        "JP2KImageGetGeometryParams",
        "JP2KImageGetGlobalTransparencyChannelNum",
        "JP2KImageGetICCProfile",
        "JP2KImageGetInterleavedColorData",
        "JP2KImageGetMaxCodeStreamLength",
        "JP2KImageGetMaxRes",
        "JP2KImageGetMemObj",
        "JP2KImageGetMemObjEx",
        "JP2KImageGetMinCodeStreamLength",
        "JP2KImageGetNumColorChannels",
        "JP2KImageGetNumComponents",
        "JP2KImageGetNumComponentsDoneInProgPlay",
        "JP2KImageGetNumQualitySteps",
        "JP2KImageGetNumTileComps",
        "JP2KImageGetNumTiles",
        "JP2KImageGetNumUUIDBoxes",
        "JP2KImageGetNumXMLBoxes",
        "JP2KImageGetOrientationForDecode",
        "JP2KImageGetPalette",
        "JP2KImageGetPreviewData",
        "JP2KImageGetPreviewDataOfRegion",
        "JP2KImageGetStreamProcs",
        "JP2KImageGetStreamProcsEx",
        "JP2KImageGetTempFileStream",
        "JP2KImageGetTileComponent",
        "JP2KImageGetTransparencyChannelNum",
        "JP2KImageGetTransparencyCodeStreamSize",
        "JP2KImageGetTransparencyType",
        "JP2KImageGetUUIDBoxes",
        "JP2KImageGetXMLBoxes",
        "JP2KImageGlobalTransparencyChannelPresent",
        "JP2KImageIncrementalDecodingIsEnabled",
        "JP2KImageIncrementalDecodingIsRequired",
        "JP2KImageInitDecoder",
        "JP2KImageInitDecoderEx",
        "JP2KImageInitEncoder",
        "JP2KImageInitEncoderEx",
        "JP2KImageIsGMLDataPresent",
        "JP2KImageNumProgresionStepsInCompressImage",
        "JP2KImageNumProgressionStepsInEncodeImage",
        "JP2KImageOptimizeImage",
        "JP2KImagePalettePresent",
        "JP2KImagePlay",
        "JP2KImagePlayProgression",
        "JP2KImagePlayProgressionStart",
        "JP2KImagePlayProgressionStop",
        "JP2KImageReorderCodeStream",
        "JP2KImageResolutionInfoPresent",
        "JP2KImageRewind",
        "JP2KImageSetAlphaChannelsForPreview",
        "JP2KImageSetOrientationForDecode",
        "JP2KImageSetReplayOptions",
        "JP2KImageSkipDecodingOfAlphaChannels",
        "JP2KImageTransparencyChannelPresent",
        "JP2KImageUUIDPresent",
        "JP2KImageUpdateCodestreamSize",
        "JP2KImageValidate",
        "JP2KImageWriteJPXHeaders",
        "JP2KImageXMLPresent",
        "JP2KImageZoom",
        "JP2KLibBuildDate",
        "JP2KLibInit",
        "JP2KLibInitEx",
        "JP2KLibShutDown",
        "JP2KLibVersion",
        "JP2KTileComponentGetDecOpt",
        "JP2KTileComponentGetDecodeParams",
        "JP2KTileComponentGetEncOpt",
        "JP2KTileComponentGetHeight",
        "JP2KTileComponentGetOutputImage",
        "JP2KTileComponentGetProgData",
        "JP2KTileComponentGetTileGeometryParams",
        "JP2KTileComponentGetWaveletData",
        "JP2KTileComponentGetWidth",
        "JP2KTileComponentReleaseWaveletData",
        "JP2KTileComponentResetTileCompDataIsValid",
        "JP2KTileComponentResetTileCompDataReady",
        "JP2KTileComponentSetDecodeOptions",
        "JP2KTileComponentSetDecodeParams",
        "JP2KTileComponentSetEncodeOptions",
        "JP2KTileComponentSetIsAlphaChannel",
        "JP2KTileComponentSetOutputImage",
        "JP2KTileComponentSetProgData",
        "JP2KTileComponentSetTileCompDataIsValid",
        "JP2KTileComponentSetTileCompDataReady",
        "JP2KTileComponentSetTileGeometryParams",
        "JP2KTileComponentSetWaveletData",
        "JP2KTileComponentTileCompDataIsValid",
        "JP2KTileComponentTileCompDataReady",
        "JP2KTileComponentValidate",
        "JP2KTileGeometryCreate",
        "JP2KTileGeometryDestroy",
        "JP2KTileGeometryGetResolutionCoords",
        "JP2KTileGeometryGetResolutionCoordsofRegion",
        "JP2KTileGeometryInit",
        "JP2KTileGeometryInitUsingTileIndices",
        "JP2KTileGeometryRegionIsTile"
    ]
}